listAdjectifParti
listAdjectifPatternToponymique
listAdmin
listArtisan
listArtiste
listBatimentCulturel
listBatiment
listBatimentHabitat
listBatimentHistorique
listBatimentIndustriel
listBatimentReligieux
listBatimentSportif
listBatimentTransport
listBatimentVille
listBoutique
listCentimes
listCiviliteNobiliaire
listClub
listCommerceEtranger
listDocument
listEcoleEtranger
listEcole
listEntreprise
listFamille
listFoncPolitique
listFoncPolitiqueRegion
listGeographieAdministrative
listGeographieEau
listGeographie
listHopital
listHotel
listJournal
listJournee
listLoisir
listMouvement
listNomMinistere
listNomMinistereMaj
listNomParti
listNomVille
listOeuvre
listOrganisationMinDe
listOrganisationMin
listOrganisationPre
listOrgCommerceDroite
listOrgCommerceGauche
listSigleParti
listSpecialiteMedicale
listSportif
listSuffixePersonne
listTitre
listTitreNobiliaire
listTitreReligieux

