listAdjectifDate
listAdjectifParti
listAdjectifPatternToponymique
listArtisan
listArtiste
listBatiment
listBatimentReligieux
listBatimentVille
listBoutique
listCiviliteNobiliaire
listClub
listCommerceEtranger
listDebutNomVille
listDocument
listEcoleEtranger
listEcole
listEntreprise
listFamille
listFoncCollective
listFoncGouvernement
listFoncMilitaire
listFoncPolitique
listFoncPolitiqueRegion
listHopital
listHotel
listJournal
listLoisir
listLongueurEtrangere
listLongueur
listLongueurSurface
listLongueurVolume
listMasse
listMetre
listMouvement
listNomMinistere
listNomMinistereMaj
listNomMinistereOrgAdm
listNomParti
listNomRue
listOeuvre
listOeuvreMusical
listOrganisationMinDe
listOrganisationPre
listOrgCommerceGauche
listPersCollective
listPersIndividuel
listRelation
listSigleParti
listSpecialiteMedicale
listSportif
listSuffixePersonne
listSurface
listTitre
listTitreNobiliaire
listTitreReligieux
listVehicules

